<?xml version="1.0" encoding="UTF-8"?>
<testsuite name="com.example.restservice.RestServiceApplicationTests" tests="7" skipped="0" failures="0" errors="0" timestamp="2024-07-01T22:56:17" hostname="WALTER" time="0.166">
  <properties/>
  <testcase name="employeeTitleInList()" classname="com.example.restservice.RestServiceApplicationTests" time="0.101"/>
  <testcase name="employeeEmailInList()" classname="com.example.restservice.RestServiceApplicationTests" time="0.007"/>
  <testcase name="employeeLastNameInList()" classname="com.example.restservice.RestServiceApplicationTests" time="0.01"/>
  <testcase name="addEmployee()" classname="com.example.restservice.RestServiceApplicationTests" time="0.007"/>
  <testcase name="employeeIdInList()" classname="com.example.restservice.RestServiceApplicationTests" time="0.005"/>
  <testcase name="employeeFirstNameInList()" classname="com.example.restservice.RestServiceApplicationTests" time="0.006"/>
  <testcase name="createEmployeeManager()" classname="com.example.restservice.RestServiceApplicationTests" time="0.005"/>
  <system-out><![CDATA[16:56:14.654 [Test worker] INFO org.springframework.test.context.support.AnnotationConfigContextLoaderUtils -- Could not detect default configuration classes for test class [com.example.restservice.RestServiceApplicationTests]: RestServiceApplicationTests does not declare any static, non-private, non-final, nested classes annotated with @Configuration.
16:56:14.779 [Test worker] INFO org.springframework.boot.test.context.SpringBootTestContextBootstrapper -- Found @SpringBootConfiguration com.example.restservice.RestServiceApplication for test class com.example.restservice.RestServiceApplicationTests

  .   ____          _            __ _ _
 /\\ / ___'_ __ _ _(_)_ __  __ _ \ \ \ \
( ( )\___ | '_ | '_| | '_ \/ _` | \ \ \ \
 \\/  ___)| |_)| | | | | || (_| |  ) ) ) )
  '  |____| .__|_| |_|_| |_\__, | / / / /
 =========|_|==============|___/=/_/_/_/

 :: Spring Boot ::                (v3.3.1)

2024-07-01T16:56:15.318-06:00  INFO 25044 --- [    Test worker] c.e.r.RestServiceApplicationTests        : Starting RestServiceApplicationTests using Java 22.0.1 with PID 25044 (started by onyer in C:\Users\onyer\OneDrive\Documents\gs-rest-service\StaffManagementAPI)
2024-07-01T16:56:15.318-06:00  INFO 25044 --- [    Test worker] c.e.r.RestServiceApplicationTests        : No active profile set, falling back to 1 default profile: "default"
2024-07-01T16:56:16.757-06:00  INFO 25044 --- [    Test worker] c.e.r.RestServiceApplicationTests        : Started RestServiceApplicationTests in 1.791 seconds (process running for 3.444)
]]></system-out>
  <system-err><![CDATA[WARNING: A Java agent has been loaded dynamically (C:\Users\onyer\.gradle\caches\modules-2\files-2.1\net.bytebuddy\byte-buddy-agent\1.14.17\e3c251a39dc90badaf71c83427ba46840f219d8d\byte-buddy-agent-1.14.17.jar)
WARNING: If a serviceability tool is in use, please run with -XX:+EnableDynamicAgentLoading to hide this warning
WARNING: If a serviceability tool is not in use, please run with -Djdk.instrument.traceUsage for more information
WARNING: Dynamic loading of agents will be disallowed by default in a future release
]]></system-err>
</testsuite>
